<?xml version="1.0" encoding="UTF-8"?>
<!-- Generated by org.testng.reporters.JUnitXMLReporter -->
<testsuite hostname="LAPTOP-HID1OCBH" ignored="0" name="Test" tests="12" failures="0" timestamp="2022-10-28T16:36:57 IST" time="30.388" errors="0">
  <testcase name="@BeforeClass setUp" time="17.096" classname="com.learncucumber.baseclass.BaseClass">
    <failure type="org.openqa.selenium.SessionNotCreatedException" message="session not created: This version of ChromeDriver only supports Chrome version 104
Current browser version is 106.0.5249.119 with binary path C:\Program Files\Google\Chrome\Application\chrome.exe
Build info: version: &amp;apos;3.141.59&amp;apos;, revision: &amp;apos;e82be7d358&amp;apos;, time: &amp;apos;2018-11-14T08:17:03&amp;apos;
System info: host: &amp;apos;LAPTOP-HID1OCBH&amp;apos;, ip: &amp;apos;192.168.0.106&amp;apos;, os.name: &amp;apos;Windows 11&amp;apos;, os.arch: &amp;apos;amd64&amp;apos;, os.version: &amp;apos;10.0&amp;apos;, java.version: &amp;apos;1.8.0_341&amp;apos;
Driver info: driver.version: ChromeDriver
remote stacktrace: Backtrace:
	Ordinal0 [0x006478B3+2193587]
	Ordinal0 [0x005E0681+1771137]
	Ordinal0 [0x004F41A8+803240]
	Ordinal0 [0x00515CC3+941251]
	Ordinal0 [0x005113EF+922607]
	Ordinal0 [0x0050EBC1+912321]
	Ordinal0 [0x005423B0+1123248]
	Ordinal0 [0x0054200A+1122314]
	Ordinal0 [0x0053D5C6+1103302]
	Ordinal0 [0x005177E0+948192]
	Ordinal0 [0x005186E6+952038]
	GetHandleVerifier [0x008F0CB2+2738370]
	GetHandleVerifier [0x008E21B8+2678216]
	GetHandleVerifier [0x006D17AA+512954]
	GetHandleVerifier [0x006D0856+509030]
	Ordinal0 [0x005E743B+1799227]
	Ordinal0 [0x005EBB68+1817448]
	Ordinal0 [0x005EBC55+1817685]
	Ordinal0 [0x005F5230+1856048]
	BaseThreadInitThunk [0x75806739+25]
	RtlGetFullPathName_UEx [0x77828FD2+1218]
	RtlGetFullPathName_UEx [0x77828F9D+1165]
">
      <![CDATA[org.openqa.selenium.SessionNotCreatedException: session not created: This version of ChromeDriver only supports Chrome version 104
Current browser version is 106.0.5249.119 with binary path C:\Program Files\Google\Chrome\Application\chrome.exe
Build info: version: '3.141.59', revision: 'e82be7d358', time: '2018-11-14T08:17:03'
System info: host: 'LAPTOP-HID1OCBH', ip: '192.168.0.106', os.name: 'Windows 11', os.arch: 'amd64', os.version: '10.0', java.version: '1.8.0_341'
Driver info: driver.version: ChromeDriver
remote stacktrace: Backtrace:
Ordinal0 [0x006478B3+2193587]
Ordinal0 [0x005E0681+1771137]
Ordinal0 [0x004F41A8+803240]
Ordinal0 [0x00515CC3+941251]
Ordinal0 [0x005113EF+922607]
Ordinal0 [0x0050EBC1+912321]
Ordinal0 [0x005423B0+1123248]
Ordinal0 [0x0054200A+1122314]
Ordinal0 [0x0053D5C6+1103302]
Ordinal0 [0x005177E0+948192]
Ordinal0 [0x005186E6+952038]
GetHandleVerifier [0x008F0CB2+2738370]
GetHandleVerifier [0x008E21B8+2678216]
GetHandleVerifier [0x006D17AA+512954]
GetHandleVerifier [0x006D0856+509030]
Ordinal0 [0x005E743B+1799227]
Ordinal0 [0x005EBB68+1817448]
Ordinal0 [0x005EBC55+1817685]
Ordinal0 [0x005F5230+1856048]
BaseThreadInitThunk [0x75806739+25]
RtlGetFullPathName_UEx [0x77828FD2+1218]
RtlGetFullPathName_UEx [0x77828F9D+1165]

at org.openqa.selenium.remote.W3CHandshakeResponse.lambda$errorHandler$0(W3CHandshakeResponse.java:62)
at org.openqa.selenium.remote.HandshakeResponse.lambda$getResponseFunction$0(HandshakeResponse.java:30)
at org.openqa.selenium.remote.ProtocolHandshake.lambda$createSession$0(ProtocolHandshake.java:126)
at java.util.stream.ReferencePipeline$3$1.accept(ReferencePipeline.java:193)
at java.util.Spliterators$ArraySpliterator.tryAdvance(Spliterators.java:958)
at java.util.stream.ReferencePipeline.forEachWithCancel(ReferencePipeline.java:126)
at java.util.stream.AbstractPipeline.copyIntoWithCancel(AbstractPipeline.java:499)
at java.util.stream.AbstractPipeline.copyInto(AbstractPipeline.java:486)
at java.util.stream.AbstractPipeline.wrapAndCopyInto(AbstractPipeline.java:472)
at java.util.stream.FindOps$FindOp.evaluateSequential(FindOps.java:152)
at java.util.stream.AbstractPipeline.evaluate(AbstractPipeline.java:234)
at java.util.stream.ReferencePipeline.findFirst(ReferencePipeline.java:464)
at org.openqa.selenium.remote.ProtocolHandshake.createSession(ProtocolHandshake.java:128)
at org.openqa.selenium.remote.ProtocolHandshake.createSession(ProtocolHandshake.java:74)
at org.openqa.selenium.remote.HttpCommandExecutor.execute(HttpCommandExecutor.java:136)
at org.openqa.selenium.remote.service.DriverCommandExecutor.execute(DriverCommandExecutor.java:83)
at org.openqa.selenium.remote.RemoteWebDriver.execute(RemoteWebDriver.java:552)
at org.openqa.selenium.remote.RemoteWebDriver.startSession(RemoteWebDriver.java:213)
at org.openqa.selenium.remote.RemoteWebDriver.<init>(RemoteWebDriver.java:131)
at org.openqa.selenium.chrome.ChromeDriver.<init>(ChromeDriver.java:181)
at org.openqa.selenium.chrome.ChromeDriver.<init>(ChromeDriver.java:168)
at org.openqa.selenium.chrome.ChromeDriver.<init>(ChromeDriver.java:123)
at com.learncucumber.baseclass.BrowserFactory.browser(BrowserFactory.java:12)
at com.learncucumber.baseclass.BaseClass.setUp(BaseClass.java:38)
at java.util.ArrayList.forEach(ArrayList.java:1259)
... Removed 29 stack frames]]>
    </failure>
  </testcase> <!-- @BeforeClass setUp -->
  <testcase name="@AfterMethod reporting" time="-1.666955203999E9" classname="com.learncucumber.baseclass.BaseClass">
    <skipped/>
  </testcase> <!-- @AfterMethod reporting -->
  <testcase name="@AfterMethod reporting" time="-1.66695520405E9" classname="com.learncucumber.baseclass.BaseClass">
    <skipped/>
  </testcase> <!-- @AfterMethod reporting -->
  <testcase name="@AfterMethod reporting" time="-1.666955204074E9" classname="com.learncucumber.baseclass.BaseClass">
    <skipped/>
  </testcase> <!-- @AfterMethod reporting -->
  <testcase name="@AfterMethod reporting" time="-1.666955204094E9" classname="com.learncucumber.baseclass.BaseClass">
    <skipped/>
  </testcase> <!-- @AfterMethod reporting -->
  <testcase name="@AfterClass tearDown" time="-1.666955204117E9" classname="com.learncucumber.baseclass.BaseClass">
    <skipped/>
  </testcase> <!-- @AfterClass tearDown -->
  <testcase name="@BeforeClass setUp" time="4.307" classname="com.learncucumber.baseclass.BaseClass">
    <failure type="org.openqa.selenium.SessionNotCreatedException" message="session not created: This version of ChromeDriver only supports Chrome version 104
Current browser version is 106.0.5249.119 with binary path C:\Program Files\Google\Chrome\Application\chrome.exe
Build info: version: &amp;apos;3.141.59&amp;apos;, revision: &amp;apos;e82be7d358&amp;apos;, time: &amp;apos;2018-11-14T08:17:03&amp;apos;
System info: host: &amp;apos;LAPTOP-HID1OCBH&amp;apos;, ip: &amp;apos;192.168.0.106&amp;apos;, os.name: &amp;apos;Windows 11&amp;apos;, os.arch: &amp;apos;amd64&amp;apos;, os.version: &amp;apos;10.0&amp;apos;, java.version: &amp;apos;1.8.0_341&amp;apos;
Driver info: driver.version: ChromeDriver
remote stacktrace: Backtrace:
	Ordinal0 [0x006478B3+2193587]
	Ordinal0 [0x005E0681+1771137]
	Ordinal0 [0x004F41A8+803240]
	Ordinal0 [0x00515CC3+941251]
	Ordinal0 [0x005113EF+922607]
	Ordinal0 [0x0050EBC1+912321]
	Ordinal0 [0x005423B0+1123248]
	Ordinal0 [0x0054200A+1122314]
	Ordinal0 [0x0053D5C6+1103302]
	Ordinal0 [0x005177E0+948192]
	Ordinal0 [0x005186E6+952038]
	GetHandleVerifier [0x008F0CB2+2738370]
	GetHandleVerifier [0x008E21B8+2678216]
	GetHandleVerifier [0x006D17AA+512954]
	GetHandleVerifier [0x006D0856+509030]
	Ordinal0 [0x005E743B+1799227]
	Ordinal0 [0x005EBB68+1817448]
	Ordinal0 [0x005EBC55+1817685]
	Ordinal0 [0x005F5230+1856048]
	BaseThreadInitThunk [0x75806739+25]
	RtlGetFullPathName_UEx [0x77828FD2+1218]
	RtlGetFullPathName_UEx [0x77828F9D+1165]
">
      <![CDATA[org.openqa.selenium.SessionNotCreatedException: session not created: This version of ChromeDriver only supports Chrome version 104
Current browser version is 106.0.5249.119 with binary path C:\Program Files\Google\Chrome\Application\chrome.exe
Build info: version: '3.141.59', revision: 'e82be7d358', time: '2018-11-14T08:17:03'
System info: host: 'LAPTOP-HID1OCBH', ip: '192.168.0.106', os.name: 'Windows 11', os.arch: 'amd64', os.version: '10.0', java.version: '1.8.0_341'
Driver info: driver.version: ChromeDriver
remote stacktrace: Backtrace:
Ordinal0 [0x006478B3+2193587]
Ordinal0 [0x005E0681+1771137]
Ordinal0 [0x004F41A8+803240]
Ordinal0 [0x00515CC3+941251]
Ordinal0 [0x005113EF+922607]
Ordinal0 [0x0050EBC1+912321]
Ordinal0 [0x005423B0+1123248]
Ordinal0 [0x0054200A+1122314]
Ordinal0 [0x0053D5C6+1103302]
Ordinal0 [0x005177E0+948192]
Ordinal0 [0x005186E6+952038]
GetHandleVerifier [0x008F0CB2+2738370]
GetHandleVerifier [0x008E21B8+2678216]
GetHandleVerifier [0x006D17AA+512954]
GetHandleVerifier [0x006D0856+509030]
Ordinal0 [0x005E743B+1799227]
Ordinal0 [0x005EBB68+1817448]
Ordinal0 [0x005EBC55+1817685]
Ordinal0 [0x005F5230+1856048]
BaseThreadInitThunk [0x75806739+25]
RtlGetFullPathName_UEx [0x77828FD2+1218]
RtlGetFullPathName_UEx [0x77828F9D+1165]

at org.openqa.selenium.remote.W3CHandshakeResponse.lambda$errorHandler$0(W3CHandshakeResponse.java:62)
at org.openqa.selenium.remote.HandshakeResponse.lambda$getResponseFunction$0(HandshakeResponse.java:30)
at org.openqa.selenium.remote.ProtocolHandshake.lambda$createSession$0(ProtocolHandshake.java:126)
at java.util.stream.ReferencePipeline$3$1.accept(ReferencePipeline.java:193)
at java.util.Spliterators$ArraySpliterator.tryAdvance(Spliterators.java:958)
at java.util.stream.ReferencePipeline.forEachWithCancel(ReferencePipeline.java:126)
at java.util.stream.AbstractPipeline.copyIntoWithCancel(AbstractPipeline.java:499)
at java.util.stream.AbstractPipeline.copyInto(AbstractPipeline.java:486)
at java.util.stream.AbstractPipeline.wrapAndCopyInto(AbstractPipeline.java:472)
at java.util.stream.FindOps$FindOp.evaluateSequential(FindOps.java:152)
at java.util.stream.AbstractPipeline.evaluate(AbstractPipeline.java:234)
at java.util.stream.ReferencePipeline.findFirst(ReferencePipeline.java:464)
at org.openqa.selenium.remote.ProtocolHandshake.createSession(ProtocolHandshake.java:128)
at org.openqa.selenium.remote.ProtocolHandshake.createSession(ProtocolHandshake.java:74)
at org.openqa.selenium.remote.HttpCommandExecutor.execute(HttpCommandExecutor.java:136)
at org.openqa.selenium.remote.service.DriverCommandExecutor.execute(DriverCommandExecutor.java:83)
at org.openqa.selenium.remote.RemoteWebDriver.execute(RemoteWebDriver.java:552)
at org.openqa.selenium.remote.RemoteWebDriver.startSession(RemoteWebDriver.java:213)
at org.openqa.selenium.remote.RemoteWebDriver.<init>(RemoteWebDriver.java:131)
at org.openqa.selenium.chrome.ChromeDriver.<init>(ChromeDriver.java:181)
at org.openqa.selenium.chrome.ChromeDriver.<init>(ChromeDriver.java:168)
at org.openqa.selenium.chrome.ChromeDriver.<init>(ChromeDriver.java:123)
at com.learncucumber.baseclass.BrowserFactory.browser(BrowserFactory.java:12)
at com.learncucumber.baseclass.BaseClass.setUp(BaseClass.java:38)
at java.util.ArrayList.forEach(ArrayList.java:1259)
... Removed 29 stack frames]]>
    </failure>
  </testcase> <!-- @BeforeClass setUp -->
  <testcase name="@AfterMethod reporting" time="-1.666955208442E9" classname="com.learncucumber.baseclass.BaseClass">
    <skipped/>
  </testcase> <!-- @AfterMethod reporting -->
  <testcase name="@AfterMethod reporting" time="-1.666955208454E9" classname="com.learncucumber.baseclass.BaseClass">
    <skipped/>
  </testcase> <!-- @AfterMethod reporting -->
  <testcase name="@AfterClass tearDown" time="-1.666955208458E9" classname="com.learncucumber.baseclass.BaseClass">
    <skipped/>
  </testcase> <!-- @AfterClass tearDown -->
  <testcase name="@BeforeClass setUp" time="3.612" classname="com.learncucumber.baseclass.BaseClass">
    <failure type="org.openqa.selenium.SessionNotCreatedException" message="session not created: This version of ChromeDriver only supports Chrome version 104
Current browser version is 106.0.5249.119 with binary path C:\Program Files\Google\Chrome\Application\chrome.exe
Build info: version: &amp;apos;3.141.59&amp;apos;, revision: &amp;apos;e82be7d358&amp;apos;, time: &amp;apos;2018-11-14T08:17:03&amp;apos;
System info: host: &amp;apos;LAPTOP-HID1OCBH&amp;apos;, ip: &amp;apos;192.168.0.106&amp;apos;, os.name: &amp;apos;Windows 11&amp;apos;, os.arch: &amp;apos;amd64&amp;apos;, os.version: &amp;apos;10.0&amp;apos;, java.version: &amp;apos;1.8.0_341&amp;apos;
Driver info: driver.version: ChromeDriver
remote stacktrace: Backtrace:
	Ordinal0 [0x006478B3+2193587]
	Ordinal0 [0x005E0681+1771137]
	Ordinal0 [0x004F41A8+803240]
	Ordinal0 [0x00515CC3+941251]
	Ordinal0 [0x005113EF+922607]
	Ordinal0 [0x0050EBC1+912321]
	Ordinal0 [0x005423B0+1123248]
	Ordinal0 [0x0054200A+1122314]
	Ordinal0 [0x0053D5C6+1103302]
	Ordinal0 [0x005177E0+948192]
	Ordinal0 [0x005186E6+952038]
	GetHandleVerifier [0x008F0CB2+2738370]
	GetHandleVerifier [0x008E21B8+2678216]
	GetHandleVerifier [0x006D17AA+512954]
	GetHandleVerifier [0x006D0856+509030]
	Ordinal0 [0x005E743B+1799227]
	Ordinal0 [0x005EBB68+1817448]
	Ordinal0 [0x005EBC55+1817685]
	Ordinal0 [0x005F5230+1856048]
	BaseThreadInitThunk [0x75806739+25]
	RtlGetFullPathName_UEx [0x77828FD2+1218]
	RtlGetFullPathName_UEx [0x77828F9D+1165]
">
      <![CDATA[org.openqa.selenium.SessionNotCreatedException: session not created: This version of ChromeDriver only supports Chrome version 104
Current browser version is 106.0.5249.119 with binary path C:\Program Files\Google\Chrome\Application\chrome.exe
Build info: version: '3.141.59', revision: 'e82be7d358', time: '2018-11-14T08:17:03'
System info: host: 'LAPTOP-HID1OCBH', ip: '192.168.0.106', os.name: 'Windows 11', os.arch: 'amd64', os.version: '10.0', java.version: '1.8.0_341'
Driver info: driver.version: ChromeDriver
remote stacktrace: Backtrace:
Ordinal0 [0x006478B3+2193587]
Ordinal0 [0x005E0681+1771137]
Ordinal0 [0x004F41A8+803240]
Ordinal0 [0x00515CC3+941251]
Ordinal0 [0x005113EF+922607]
Ordinal0 [0x0050EBC1+912321]
Ordinal0 [0x005423B0+1123248]
Ordinal0 [0x0054200A+1122314]
Ordinal0 [0x0053D5C6+1103302]
Ordinal0 [0x005177E0+948192]
Ordinal0 [0x005186E6+952038]
GetHandleVerifier [0x008F0CB2+2738370]
GetHandleVerifier [0x008E21B8+2678216]
GetHandleVerifier [0x006D17AA+512954]
GetHandleVerifier [0x006D0856+509030]
Ordinal0 [0x005E743B+1799227]
Ordinal0 [0x005EBB68+1817448]
Ordinal0 [0x005EBC55+1817685]
Ordinal0 [0x005F5230+1856048]
BaseThreadInitThunk [0x75806739+25]
RtlGetFullPathName_UEx [0x77828FD2+1218]
RtlGetFullPathName_UEx [0x77828F9D+1165]

at org.openqa.selenium.remote.W3CHandshakeResponse.lambda$errorHandler$0(W3CHandshakeResponse.java:62)
at org.openqa.selenium.remote.HandshakeResponse.lambda$getResponseFunction$0(HandshakeResponse.java:30)
at org.openqa.selenium.remote.ProtocolHandshake.lambda$createSession$0(ProtocolHandshake.java:126)
at java.util.stream.ReferencePipeline$3$1.accept(ReferencePipeline.java:193)
at java.util.Spliterators$ArraySpliterator.tryAdvance(Spliterators.java:958)
at java.util.stream.ReferencePipeline.forEachWithCancel(ReferencePipeline.java:126)
at java.util.stream.AbstractPipeline.copyIntoWithCancel(AbstractPipeline.java:499)
at java.util.stream.AbstractPipeline.copyInto(AbstractPipeline.java:486)
at java.util.stream.AbstractPipeline.wrapAndCopyInto(AbstractPipeline.java:472)
at java.util.stream.FindOps$FindOp.evaluateSequential(FindOps.java:152)
at java.util.stream.AbstractPipeline.evaluate(AbstractPipeline.java:234)
at java.util.stream.ReferencePipeline.findFirst(ReferencePipeline.java:464)
at org.openqa.selenium.remote.ProtocolHandshake.createSession(ProtocolHandshake.java:128)
at org.openqa.selenium.remote.ProtocolHandshake.createSession(ProtocolHandshake.java:74)
at org.openqa.selenium.remote.HttpCommandExecutor.execute(HttpCommandExecutor.java:136)
at org.openqa.selenium.remote.service.DriverCommandExecutor.execute(DriverCommandExecutor.java:83)
at org.openqa.selenium.remote.RemoteWebDriver.execute(RemoteWebDriver.java:552)
at org.openqa.selenium.remote.RemoteWebDriver.startSession(RemoteWebDriver.java:213)
at org.openqa.selenium.remote.RemoteWebDriver.<init>(RemoteWebDriver.java:131)
at org.openqa.selenium.chrome.ChromeDriver.<init>(ChromeDriver.java:181)
at org.openqa.selenium.chrome.ChromeDriver.<init>(ChromeDriver.java:168)
at org.openqa.selenium.chrome.ChromeDriver.<init>(ChromeDriver.java:123)
at com.learncucumber.baseclass.BrowserFactory.browser(BrowserFactory.java:12)
at com.learncucumber.baseclass.BaseClass.setUp(BaseClass.java:38)
at java.util.ArrayList.forEach(ArrayList.java:1259)
... Removed 29 stack frames]]>
    </failure>
  </testcase> <!-- @BeforeClass setUp -->
  <testcase name="@AfterMethod reporting" time="-1.666955212081E9" classname="com.learncucumber.baseclass.BaseClass">
    <skipped/>
  </testcase> <!-- @AfterMethod reporting -->
  <testcase name="@AfterMethod reporting" time="-1.666955212092E9" classname="com.learncucumber.baseclass.BaseClass">
    <skipped/>
  </testcase> <!-- @AfterMethod reporting -->
  <testcase name="@AfterMethod reporting" time="-1.666955212097E9" classname="com.learncucumber.baseclass.BaseClass">
    <skipped/>
  </testcase> <!-- @AfterMethod reporting -->
  <testcase name="@AfterClass tearDown" time="-1.6669552121E9" classname="com.learncucumber.baseclass.BaseClass">
    <skipped/>
  </testcase> <!-- @AfterClass tearDown -->
  <testcase name="@BeforeClass setUp" time="5.022" classname="com.learncucumber.baseclass.BaseClass">
    <failure type="org.openqa.selenium.SessionNotCreatedException" message="session not created: This version of ChromeDriver only supports Chrome version 104
Current browser version is 106.0.5249.119 with binary path C:\Program Files\Google\Chrome\Application\chrome.exe
Build info: version: &amp;apos;3.141.59&amp;apos;, revision: &amp;apos;e82be7d358&amp;apos;, time: &amp;apos;2018-11-14T08:17:03&amp;apos;
System info: host: &amp;apos;LAPTOP-HID1OCBH&amp;apos;, ip: &amp;apos;192.168.0.106&amp;apos;, os.name: &amp;apos;Windows 11&amp;apos;, os.arch: &amp;apos;amd64&amp;apos;, os.version: &amp;apos;10.0&amp;apos;, java.version: &amp;apos;1.8.0_341&amp;apos;
Driver info: driver.version: ChromeDriver
remote stacktrace: Backtrace:
	Ordinal0 [0x006478B3+2193587]
	Ordinal0 [0x005E0681+1771137]
	Ordinal0 [0x004F41A8+803240]
	Ordinal0 [0x00515CC3+941251]
	Ordinal0 [0x005113EF+922607]
	Ordinal0 [0x0050EBC1+912321]
	Ordinal0 [0x005423B0+1123248]
	Ordinal0 [0x0054200A+1122314]
	Ordinal0 [0x0053D5C6+1103302]
	Ordinal0 [0x005177E0+948192]
	Ordinal0 [0x005186E6+952038]
	GetHandleVerifier [0x008F0CB2+2738370]
	GetHandleVerifier [0x008E21B8+2678216]
	GetHandleVerifier [0x006D17AA+512954]
	GetHandleVerifier [0x006D0856+509030]
	Ordinal0 [0x005E743B+1799227]
	Ordinal0 [0x005EBB68+1817448]
	Ordinal0 [0x005EBC55+1817685]
	Ordinal0 [0x005F5230+1856048]
	BaseThreadInitThunk [0x75806739+25]
	RtlGetFullPathName_UEx [0x77828FD2+1218]
	RtlGetFullPathName_UEx [0x77828F9D+1165]
">
      <![CDATA[org.openqa.selenium.SessionNotCreatedException: session not created: This version of ChromeDriver only supports Chrome version 104
Current browser version is 106.0.5249.119 with binary path C:\Program Files\Google\Chrome\Application\chrome.exe
Build info: version: '3.141.59', revision: 'e82be7d358', time: '2018-11-14T08:17:03'
System info: host: 'LAPTOP-HID1OCBH', ip: '192.168.0.106', os.name: 'Windows 11', os.arch: 'amd64', os.version: '10.0', java.version: '1.8.0_341'
Driver info: driver.version: ChromeDriver
remote stacktrace: Backtrace:
Ordinal0 [0x006478B3+2193587]
Ordinal0 [0x005E0681+1771137]
Ordinal0 [0x004F41A8+803240]
Ordinal0 [0x00515CC3+941251]
Ordinal0 [0x005113EF+922607]
Ordinal0 [0x0050EBC1+912321]
Ordinal0 [0x005423B0+1123248]
Ordinal0 [0x0054200A+1122314]
Ordinal0 [0x0053D5C6+1103302]
Ordinal0 [0x005177E0+948192]
Ordinal0 [0x005186E6+952038]
GetHandleVerifier [0x008F0CB2+2738370]
GetHandleVerifier [0x008E21B8+2678216]
GetHandleVerifier [0x006D17AA+512954]
GetHandleVerifier [0x006D0856+509030]
Ordinal0 [0x005E743B+1799227]
Ordinal0 [0x005EBB68+1817448]
Ordinal0 [0x005EBC55+1817685]
Ordinal0 [0x005F5230+1856048]
BaseThreadInitThunk [0x75806739+25]
RtlGetFullPathName_UEx [0x77828FD2+1218]
RtlGetFullPathName_UEx [0x77828F9D+1165]

at org.openqa.selenium.remote.W3CHandshakeResponse.lambda$errorHandler$0(W3CHandshakeResponse.java:62)
at org.openqa.selenium.remote.HandshakeResponse.lambda$getResponseFunction$0(HandshakeResponse.java:30)
at org.openqa.selenium.remote.ProtocolHandshake.lambda$createSession$0(ProtocolHandshake.java:126)
at java.util.stream.ReferencePipeline$3$1.accept(ReferencePipeline.java:193)
at java.util.Spliterators$ArraySpliterator.tryAdvance(Spliterators.java:958)
at java.util.stream.ReferencePipeline.forEachWithCancel(ReferencePipeline.java:126)
at java.util.stream.AbstractPipeline.copyIntoWithCancel(AbstractPipeline.java:499)
at java.util.stream.AbstractPipeline.copyInto(AbstractPipeline.java:486)
at java.util.stream.AbstractPipeline.wrapAndCopyInto(AbstractPipeline.java:472)
at java.util.stream.FindOps$FindOp.evaluateSequential(FindOps.java:152)
at java.util.stream.AbstractPipeline.evaluate(AbstractPipeline.java:234)
at java.util.stream.ReferencePipeline.findFirst(ReferencePipeline.java:464)
at org.openqa.selenium.remote.ProtocolHandshake.createSession(ProtocolHandshake.java:128)
at org.openqa.selenium.remote.ProtocolHandshake.createSession(ProtocolHandshake.java:74)
at org.openqa.selenium.remote.HttpCommandExecutor.execute(HttpCommandExecutor.java:136)
at org.openqa.selenium.remote.service.DriverCommandExecutor.execute(DriverCommandExecutor.java:83)
at org.openqa.selenium.remote.RemoteWebDriver.execute(RemoteWebDriver.java:552)
at org.openqa.selenium.remote.RemoteWebDriver.startSession(RemoteWebDriver.java:213)
at org.openqa.selenium.remote.RemoteWebDriver.<init>(RemoteWebDriver.java:131)
at org.openqa.selenium.chrome.ChromeDriver.<init>(ChromeDriver.java:181)
at org.openqa.selenium.chrome.ChromeDriver.<init>(ChromeDriver.java:168)
at org.openqa.selenium.chrome.ChromeDriver.<init>(ChromeDriver.java:123)
at com.learncucumber.baseclass.BrowserFactory.browser(BrowserFactory.java:12)
at com.learncucumber.baseclass.BaseClass.setUp(BaseClass.java:38)
at java.util.ArrayList.forEach(ArrayList.java:1259)
... Removed 29 stack frames]]>
    </failure>
  </testcase> <!-- @BeforeClass setUp -->
  <testcase name="@AfterMethod reporting" time="-1.666955217133E9" classname="com.learncucumber.baseclass.BaseClass">
    <skipped/>
  </testcase> <!-- @AfterMethod reporting -->
  <testcase name="@AfterMethod reporting" time="-1.666955217136E9" classname="com.learncucumber.baseclass.BaseClass">
    <skipped/>
  </testcase> <!-- @AfterMethod reporting -->
  <testcase name="@AfterMethod reporting" time="-1.666955217141E9" classname="com.learncucumber.baseclass.BaseClass">
    <skipped/>
  </testcase> <!-- @AfterMethod reporting -->
  <testcase name="@AfterClass tearDown" time="-1.666955217142E9" classname="com.learncucumber.baseclass.BaseClass">
    <skipped/>
  </testcase> <!-- @AfterClass tearDown -->
  <testcase name="i_get_logged_in_successfully_with_username_and_password" time="0.0" classname="com.learncucumber.stepdefinition.Step_definition_4">
    <skipped/>
  </testcase> <!-- i_get_logged_in_successfully_with_username_and_password -->
  <testcase name="i_can_verify_all_the_links_in_home_page_if_anything_is_broken" time="0.0" classname="com.learncucumber.stepdefinition.Step_definition_4">
    <skipped/>
  </testcase> <!-- i_can_verify_all_the_links_in_home_page_if_anything_is_broken -->
  <testcase name="ishould_be_able_to_search_for_products" time="0.0" classname="com.learncucumber.stepdefinition.Step_definition_4">
    <skipped/>
  </testcase> <!-- ishould_be_able_to_search_for_products -->
  <testcase name="i_should_be_able_to_sort_the_products" time="0.0" classname="com.learncucumber.stepdefinition.Step_definition_4">
    <skipped/>
  </testcase> <!-- i_should_be_able_to_sort_the_products -->
  <testcase name="i_am_logged_in_to_flipkart" time="0.0" classname="com.learncucumber.stepdefinition.Step_definition_6">
    <skipped/>
  </testcase> <!-- i_am_logged_in_to_flipkart -->
  <testcase name="i_will_be_able_to_view_and_click_on_all_the_categories_of_product" time="0.0" classname="com.learncucumber.stepdefinition.Step_definition_6">
    <skipped/>
  </testcase> <!-- i_will_be_able_to_view_and_click_on_all_the_categories_of_product -->
  <testcase name="i_am_in_my_home_page_and_i_searched_a_product" time="0.0" classname="com.learncucumber.stepdefinition.Step_definition_7">
    <skipped/>
  </testcase> <!-- i_am_in_my_home_page_and_i_searched_a_product -->
  <testcase name="i_click_on_the_desired_product" time="0.0" classname="com.learncucumber.stepdefinition.Step_definition_7">
    <skipped/>
  </testcase> <!-- i_click_on_the_desired_product -->
  <testcase name="i_can_click_on_add_to_cart_button" time="0.0" classname="com.learncucumber.stepdefinition.Step_definition_7">
    <skipped/>
  </testcase> <!-- i_can_click_on_add_to_cart_button -->
  <testcase name="i_open_flipkart" time="0.0" classname="com.learncucumber.stepdefinition.Step_definition_8">
    <skipped/>
  </testcase> <!-- i_open_flipkart -->
  <testcase name="i_search_a_product" time="0.0" classname="com.learncucumber.stepdefinition.Step_definition_8">
    <skipped/>
  </testcase> <!-- i_search_a_product -->
  <testcase name="i_should_be_able_to_fetch_brand_and_price" time="0.0" classname="com.learncucumber.stepdefinition.Step_definition_8">
    <skipped/>
  </testcase> <!-- i_should_be_able_to_fetch_brand_and_price -->
</testsuite> <!-- Test -->
