<?xml version="1.0" encoding="UTF-8"?>
<!-- Generated by org.testng.reporters.JUnitReportReporter -->
<testsuite skipped="4" hostname="LAPTOP-HID1OCBH" name="com.learncucumber.stepdefinition.Step_definition_4" tests="5" failures="0" timestamp="2022-10-28T16:36:57 IST" time="17.096" errors="1">
  <testcase name="i_get_logged_in_successfully_with_username_and_password" time="0.000" classname="com.learncucumber.stepdefinition.Step_definition_4">
    <skipped/>
  </testcase> <!-- i_get_logged_in_successfully_with_username_and_password -->
  <system-out/>
  <testcase name="i_can_verify_all_the_links_in_home_page_if_anything_is_broken" time="0.000" classname="com.learncucumber.stepdefinition.Step_definition_4">
    <skipped/>
  </testcase> <!-- i_can_verify_all_the_links_in_home_page_if_anything_is_broken -->
  <system-out/>
  <testcase name="ishould_be_able_to_search_for_products" time="0.000" classname="com.learncucumber.stepdefinition.Step_definition_4">
    <skipped/>
  </testcase> <!-- ishould_be_able_to_search_for_products -->
  <system-out/>
  <testcase name="i_should_be_able_to_sort_the_products" time="0.000" classname="com.learncucumber.stepdefinition.Step_definition_4">
    <skipped/>
  </testcase> <!-- i_should_be_able_to_sort_the_products -->
  <system-out/>
  <testcase name="setUp" time="17.096" classname="com.learncucumber.stepdefinition.Step_definition_4">
    <error type="org.openqa.selenium.SessionNotCreatedException" message="session not created: This version of ChromeDriver only supports Chrome version 104
Current browser version is 106.0.5249.119 with binary path C:\Program Files\Google\Chrome\Application\chrome.exe
Build info: version: &#039;3.141.59&#039;, revision: &#039;e82be7d358&#039;, time: &#039;2018-11-14T08:17:03&#039;
System info: host: &#039;LAPTOP-HID1OCBH&#039;, ip: &#039;192.168.0.106&#039;, os.name: &#039;Windows 11&#039;, os.arch: &#039;amd64&#039;, os.version: &#039;10.0&#039;, java.version: &#039;1.8.0_341&#039;
Driver info: driver.version: ChromeDriver
remote stacktrace: Backtrace:
	Ordinal0 [0x006478B3+2193587]
	Ordinal0 [0x005E0681+1771137]
	Ordinal0 [0x004F41A8+803240]
	Ordinal0 [0x00515CC3+941251]
	Ordinal0 [0x005113EF+922607]
	Ordinal0 [0x0050EBC1+912321]
	Ordinal0 [0x005423B0+1123248]
	Ordinal0 [0x0054200A+1122314]
	Ordinal0 [0x0053D5C6+1103302]
	Ordinal0 [0x005177E0+948192]
	Ordinal0 [0x005186E6+952038]
	GetHandleVerifier [0x008F0CB2+2738370]
	GetHandleVerifier [0x008E21B8+2678216]
	GetHandleVerifier [0x006D17AA+512954]
	GetHandleVerifier [0x006D0856+509030]
	Ordinal0 [0x005E743B+1799227]
	Ordinal0 [0x005EBB68+1817448]
	Ordinal0 [0x005EBC55+1817685]
	Ordinal0 [0x005F5230+1856048]
	BaseThreadInitThunk [0x75806739+25]
	RtlGetFullPathName_UEx [0x77828FD2+1218]
	RtlGetFullPathName_UEx [0x77828F9D+1165]
">
      <![CDATA[org.openqa.selenium.SessionNotCreatedException: session not created: This version of ChromeDriver only supports Chrome version 104
Current browser version is 106.0.5249.119 with binary path C:\Program Files\Google\Chrome\Application\chrome.exe
Build info: version: '3.141.59', revision: 'e82be7d358', time: '2018-11-14T08:17:03'
System info: host: 'LAPTOP-HID1OCBH', ip: '192.168.0.106', os.name: 'Windows 11', os.arch: 'amd64', os.version: '10.0', java.version: '1.8.0_341'
Driver info: driver.version: ChromeDriver
remote stacktrace: Backtrace:
Ordinal0 [0x006478B3+2193587]
Ordinal0 [0x005E0681+1771137]
Ordinal0 [0x004F41A8+803240]
Ordinal0 [0x00515CC3+941251]
Ordinal0 [0x005113EF+922607]
Ordinal0 [0x0050EBC1+912321]
Ordinal0 [0x005423B0+1123248]
Ordinal0 [0x0054200A+1122314]
Ordinal0 [0x0053D5C6+1103302]
Ordinal0 [0x005177E0+948192]
Ordinal0 [0x005186E6+952038]
GetHandleVerifier [0x008F0CB2+2738370]
GetHandleVerifier [0x008E21B8+2678216]
GetHandleVerifier [0x006D17AA+512954]
GetHandleVerifier [0x006D0856+509030]
Ordinal0 [0x005E743B+1799227]
Ordinal0 [0x005EBB68+1817448]
Ordinal0 [0x005EBC55+1817685]
Ordinal0 [0x005F5230+1856048]
BaseThreadInitThunk [0x75806739+25]
RtlGetFullPathName_UEx [0x77828FD2+1218]
RtlGetFullPathName_UEx [0x77828F9D+1165]

at sun.reflect.NativeConstructorAccessorImpl.newInstance0(Native Method)
at sun.reflect.NativeConstructorAccessorImpl.newInstance(NativeConstructorAccessorImpl.java:62)
at sun.reflect.DelegatingConstructorAccessorImpl.newInstance(DelegatingConstructorAccessorImpl.java:45)
at java.lang.reflect.Constructor.newInstance(Constructor.java:423)
at org.openqa.selenium.remote.W3CHandshakeResponse.lambda$errorHandler$0(W3CHandshakeResponse.java:62)
at org.openqa.selenium.remote.HandshakeResponse.lambda$getResponseFunction$0(HandshakeResponse.java:30)
at org.openqa.selenium.remote.ProtocolHandshake.lambda$createSession$0(ProtocolHandshake.java:126)
at java.util.stream.ReferencePipeline$3$1.accept(ReferencePipeline.java:193)
at java.util.Spliterators$ArraySpliterator.tryAdvance(Spliterators.java:958)
at java.util.stream.ReferencePipeline.forEachWithCancel(ReferencePipeline.java:126)
at java.util.stream.AbstractPipeline.copyIntoWithCancel(AbstractPipeline.java:499)
at java.util.stream.AbstractPipeline.copyInto(AbstractPipeline.java:486)
at java.util.stream.AbstractPipeline.wrapAndCopyInto(AbstractPipeline.java:472)
at java.util.stream.FindOps$FindOp.evaluateSequential(FindOps.java:152)
at java.util.stream.AbstractPipeline.evaluate(AbstractPipeline.java:234)
at java.util.stream.ReferencePipeline.findFirst(ReferencePipeline.java:464)
at org.openqa.selenium.remote.ProtocolHandshake.createSession(ProtocolHandshake.java:128)
at org.openqa.selenium.remote.ProtocolHandshake.createSession(ProtocolHandshake.java:74)
at org.openqa.selenium.remote.HttpCommandExecutor.execute(HttpCommandExecutor.java:136)
at org.openqa.selenium.remote.service.DriverCommandExecutor.execute(DriverCommandExecutor.java:83)
at org.openqa.selenium.remote.RemoteWebDriver.execute(RemoteWebDriver.java:552)
at org.openqa.selenium.remote.RemoteWebDriver.startSession(RemoteWebDriver.java:213)
at org.openqa.selenium.remote.RemoteWebDriver.<init>(RemoteWebDriver.java:131)
at org.openqa.selenium.chrome.ChromeDriver.<init>(ChromeDriver.java:181)
at org.openqa.selenium.chrome.ChromeDriver.<init>(ChromeDriver.java:168)
at org.openqa.selenium.chrome.ChromeDriver.<init>(ChromeDriver.java:123)
at com.learncucumber.baseclass.BrowserFactory.browser(BrowserFactory.java:12)
at com.learncucumber.baseclass.BaseClass.setUp(BaseClass.java:38)
at sun.reflect.NativeMethodAccessorImpl.invoke0(Native Method)
at sun.reflect.NativeMethodAccessorImpl.invoke(NativeMethodAccessorImpl.java:62)
at sun.reflect.DelegatingMethodAccessorImpl.invoke(DelegatingMethodAccessorImpl.java:43)
at java.lang.reflect.Method.invoke(Method.java:498)
at org.testng.internal.MethodInvocationHelper.invokeMethod(MethodInvocationHelper.java:133)
at org.testng.internal.MethodInvocationHelper.invokeMethodConsideringTimeout(MethodInvocationHelper.java:62)
at org.testng.internal.ConfigInvoker.invokeConfigurationMethod(ConfigInvoker.java:385)
at org.testng.internal.ConfigInvoker.invokeConfigurations(ConfigInvoker.java:321)
at org.testng.internal.TestMethodWorker.invokeBeforeClassMethods(TestMethodWorker.java:176)
at org.testng.internal.TestMethodWorker.run(TestMethodWorker.java:122)
at java.util.ArrayList.forEach(ArrayList.java:1259)
at org.testng.TestRunner.privateRun(TestRunner.java:794)
at org.testng.TestRunner.run(TestRunner.java:596)
at org.testng.SuiteRunner.runTest(SuiteRunner.java:377)
at org.testng.SuiteRunner.runSequentially(SuiteRunner.java:371)
at org.testng.SuiteRunner.privateRun(SuiteRunner.java:332)
at org.testng.SuiteRunner.run(SuiteRunner.java:276)
at org.testng.SuiteRunnerWorker.runSuite(SuiteRunnerWorker.java:53)
at org.testng.SuiteRunnerWorker.run(SuiteRunnerWorker.java:96)
at org.testng.TestNG.runSuitesSequentially(TestNG.java:1212)
at org.testng.TestNG.runSuitesLocally(TestNG.java:1134)
at org.testng.TestNG.runSuites(TestNG.java:1063)
at org.testng.TestNG.run(TestNG.java:1031)
at org.testng.remote.AbstractRemoteTestNG.run(AbstractRemoteTestNG.java:115)
at org.testng.remote.RemoteTestNG.initAndRun(RemoteTestNG.java:251)
at org.testng.remote.RemoteTestNG.main(RemoteTestNG.java:77)
]]>
    </error>
  </testcase> <!-- setUp -->
  <system-out/>
</testsuite> <!-- com.learncucumber.stepdefinition.Step_definition_4 -->
